<?xml version="1.0" encoding="UTF-8"?>
<!-- Generated by org.testng.reporters.JUnitReportReporter -->
<testsuite hostname="DESKTOP-INQE4BG" failures="0" tests="1" name="Assignment3.Assignment3Test" time="4.148" errors="0" timestamp="2024-06-13T21:31:44 IST" skipped="0">
  <testcase classname="Assignment3.Assignment3Test" name="validateLogin" time="4.148"/>
</testsuite> <!-- Assignment3.Assignment3Test -->
