<?xml version="1.0" encoding="UTF-8"?>
<!-- Generated by org.testng.reporters.JUnitReportReporter -->
<testsuite hostname="DESKTOP-INQE4BG" failures="0" tests="1" name="Assignment2.Assignment2Test" time="1.796" errors="0" timestamp="2024-06-13T19:44:35 IST" skipped="0">
  <testcase classname="Assignment2.Assignment2Test" name="validateURL" time="1.796"/>
</testsuite> <!-- Assignment2.Assignment2Test -->
