<?xml version="1.0" encoding="UTF-8"?>
<!-- Generated by org.testng.reporters.JUnitReportReporter -->
<testsuite hostname="DESKTOP-INQE4BG" failures="0" tests="1" name="Assignment1.Assignment1Test" time="3.208" errors="0" timestamp="2024-06-13T19:37:14 IST" skipped="0">
  <testcase classname="Assignment1.Assignment1Test" name="validateTitle" time="3.208"/>
</testsuite> <!-- Assignment1.Assignment1Test -->
